2025-11-15 13:48:14,954 INFO o.s.b.StartupInfoLogger [main] Starting SudokuSolverApplicationTests using Java 25.0.1 with PID 17680 (started by jbme in /home/jbme/repos/sudoku_solver)
2025-11-15 13:48:14,955 DEBUG o.s.b.StartupInfoLogger [main] Running with Spring Boot v3.5.7, Spring v6.2.12
2025-11-15 13:48:14,955 INFO o.s.b.SpringApplication [main] No active profile set, falling back to 1 default profile: "default"
2025-11-15 13:48:15,299 INFO o.s.b.StartupInfoLogger [main] Started SudokuSolverApplicationTests in 0.484 seconds (process running for 0.815)
2025-11-15 13:48:18,088 INFO o.s.b.StartupInfoLogger [main] Starting SudokuSolverApplicationTests using Java 25.0.1 with PID 17981 (started by jbme in /home/jbme/repos/sudoku_solver)
2025-11-15 13:48:18,089 DEBUG o.s.b.StartupInfoLogger [main] Running with Spring Boot v3.5.7, Spring v6.2.12
2025-11-15 13:48:18,089 INFO o.s.b.SpringApplication [main] No active profile set, falling back to 1 default profile: "default"
2025-11-15 13:48:18,454 INFO o.s.b.StartupInfoLogger [main] Started SudokuSolverApplicationTests in 0.512 seconds (process running for 0.868)
2025-11-15 13:51:26,114 INFO o.s.b.StartupInfoLogger [main] Starting SudokuSolverApplicationTests using Java 25.0.1 with PID 19334 (started by jbme in /home/jbme/repos/sudoku_solver)
2025-11-15 13:51:26,115 DEBUG o.s.b.StartupInfoLogger [main] Running with Spring Boot v3.5.7, Spring v6.2.12
2025-11-15 13:51:26,116 INFO o.s.b.SpringApplication [main] No active profile set, falling back to 1 default profile: "default"
2025-11-15 13:51:26,468 INFO o.s.b.StartupInfoLogger [main] Started SudokuSolverApplicationTests in 0.495 seconds (process running for 0.829)
2025-11-15 13:51:30,215 INFO o.s.b.StartupInfoLogger [main] Starting SudokuSolverApplicationTests using Java 25.0.1 with PID 19637 (started by jbme in /home/jbme/repos/sudoku_solver)
2025-11-15 13:51:30,216 DEBUG o.s.b.StartupInfoLogger [main] Running with Spring Boot v3.5.7, Spring v6.2.12
2025-11-15 13:51:30,217 INFO o.s.b.SpringApplication [main] No active profile set, falling back to 1 default profile: "default"
2025-11-15 13:51:30,574 INFO o.s.b.StartupInfoLogger [main] Started SudokuSolverApplicationTests in 0.5 seconds (process running for 0.84)
2025-11-15 13:51:34,723 INFO o.s.b.StartupInfoLogger [main] Starting SudokuSolverApplicationTests using Java 25.0.1 with PID 19945 (started by jbme in /home/jbme/repos/sudoku_solver)
2025-11-15 13:51:34,724 DEBUG o.s.b.StartupInfoLogger [main] Running with Spring Boot v3.5.7, Spring v6.2.12
2025-11-15 13:51:34,725 INFO o.s.b.SpringApplication [main] No active profile set, falling back to 1 default profile: "default"
2025-11-15 13:51:35,066 INFO o.s.b.StartupInfoLogger [main] Started SudokuSolverApplicationTests in 0.486 seconds (process running for 0.828)
2025-11-15 13:51:38,231 INFO o.s.b.StartupInfoLogger [main] Starting SudokuSolverApplication using Java 25.0.1 with PID 20062 (/home/jbme/repos/sudoku_solver/target/classes started by jbme in /home/jbme/repos/sudoku_solver)
2025-11-15 13:51:38,235 DEBUG o.s.b.StartupInfoLogger [main] Running with Spring Boot v3.5.7, Spring v6.2.12
2025-11-15 13:51:38,235 INFO o.s.b.SpringApplication [main] No active profile set, falling back to 1 default profile: "default"
2025-11-15 13:51:38,548 INFO o.s.b.w.e.t.TomcatWebServer [main] Tomcat initialized with port 8080 (http)
2025-11-15 13:51:38,553 INFO o.a.j.l.DirectJDKLog [main] Initializing ProtocolHandler ["http-nio-8080"]
2025-11-15 13:51:38,554 INFO o.a.j.l.DirectJDKLog [main] Starting service [Tomcat]
2025-11-15 13:51:38,554 INFO o.a.j.l.DirectJDKLog [main] Starting Servlet engine: [Apache Tomcat/10.1.48]
2025-11-15 13:51:38,572 INFO o.a.j.l.DirectJDKLog [main] Initializing Spring embedded WebApplicationContext
2025-11-15 13:51:38,572 INFO o.s.b.w.s.c.ServletWebServerApplicationContext [main] Root WebApplicationContext: initialization completed in 317 ms
2025-11-15 13:51:38,701 INFO o.a.j.l.DirectJDKLog [main] Starting ProtocolHandler ["http-nio-8080"]
2025-11-15 13:51:38,707 INFO o.s.b.w.e.t.TomcatWebServer [main] Tomcat started on port 8080 (http) with context path '/'
2025-11-15 13:51:38,711 INFO o.s.b.StartupInfoLogger [main] Started SudokuSolverApplication in 0.72 seconds (process running for 0.836)
2025-11-15 13:51:38,713 INFO c.j.s.SudokuSolverApplication [main] ===== SUDOKU SOLVER STARTED =====
2025-11-15 13:51:38,713 INFO c.j.s.SudokuSolverApplication [main] Loading sudoku from: ./testGrid/Grid1.txt
2025-11-15 13:51:38,713 DEBUG c.j.s.SudokuSolverApplication [main] testetstets
2025-11-15 13:51:38,715 DEBUG c.j.s.SudokuSolver [main] Display list of cells to solve sorted by priority value

2025-11-15 13:51:38,715 DEBUG c.j.s.SudokuSolver [main] priority: 5
2025-11-15 13:51:38,716 DEBUG c.j.s.SudokuSolver [main] x: 1
2025-11-15 13:51:38,716 DEBUG c.j.s.SudokuSolver [main] y: 0

2025-11-15 13:51:38,716 DEBUG c.j.s.SudokuSolver [main] priority: 5
2025-11-15 13:51:38,716 DEBUG c.j.s.SudokuSolver [main] x: 1
2025-11-15 13:51:38,716 DEBUG c.j.s.SudokuSolver [main] y: 2

2025-11-15 13:51:38,716 DEBUG c.j.s.SudokuSolver [main] priority: 5
2025-11-15 13:51:38,716 DEBUG c.j.s.SudokuSolver [main] x: 1
2025-11-15 13:51:38,716 DEBUG c.j.s.SudokuSolver [main] y: 3

2025-11-15 13:51:38,716 DEBUG c.j.s.SudokuSolver [main] priority: 5
2025-11-15 13:51:38,716 DEBUG c.j.s.SudokuSolver [main] x: 1
2025-11-15 13:51:38,716 DEBUG c.j.s.SudokuSolver [main] y: 4

2025-11-15 13:51:38,716 DEBUG c.j.s.SudokuSolver [main] priority: 5
2025-11-15 13:51:38,716 DEBUG c.j.s.SudokuSolver [main] x: 1
2025-11-15 13:51:38,716 DEBUG c.j.s.SudokuSolver [main] y: 5

2025-11-15 13:51:38,716 DEBUG c.j.s.SudokuSolver [main] priority: 5
2025-11-15 13:51:38,716 DEBUG c.j.s.SudokuSolver [main] x: 1
2025-11-15 13:51:38,716 DEBUG c.j.s.SudokuSolver [main] y: 6

2025-11-15 13:51:38,716 DEBUG c.j.s.SudokuSolver [main] priority: 5
2025-11-15 13:51:38,716 DEBUG c.j.s.SudokuSolver [main] x: 1
2025-11-15 13:51:38,716 DEBUG c.j.s.SudokuSolver [main] y: 8

2025-11-15 13:51:38,716 DEBUG c.j.s.SudokuSolver [main] priority: 5
2025-11-15 13:51:38,716 DEBUG c.j.s.SudokuSolver [main] x: 2
2025-11-15 13:51:38,716 DEBUG c.j.s.SudokuSolver [main] y: 0

2025-11-15 13:51:38,716 DEBUG c.j.s.SudokuSolver [main] priority: 5
2025-11-15 13:51:38,716 DEBUG c.j.s.SudokuSolver [main] x: 2
2025-11-15 13:51:38,716 DEBUG c.j.s.SudokuSolver [main] y: 2

2025-11-15 13:51:38,716 DEBUG c.j.s.SudokuSolver [main] priority: 5
2025-11-15 13:51:38,716 DEBUG c.j.s.SudokuSolver [main] x: 2
2025-11-15 13:51:38,716 DEBUG c.j.s.SudokuSolver [main] y: 3

2025-11-15 13:51:38,716 DEBUG c.j.s.SudokuSolver [main] priority: 5
2025-11-15 13:51:38,716 DEBUG c.j.s.SudokuSolver [main] x: 2
2025-11-15 13:51:38,716 DEBUG c.j.s.SudokuSolver [main] y: 4

2025-11-15 13:51:38,716 DEBUG c.j.s.SudokuSolver [main] priority: 5
2025-11-15 13:51:38,716 DEBUG c.j.s.SudokuSolver [main] x: 2
2025-11-15 13:51:38,716 DEBUG c.j.s.SudokuSolver [main] y: 5

2025-11-15 13:51:38,717 DEBUG c.j.s.SudokuSolver [main] priority: 5
2025-11-15 13:51:38,717 DEBUG c.j.s.SudokuSolver [main] x: 2
2025-11-15 13:51:38,717 DEBUG c.j.s.SudokuSolver [main] y: 6

2025-11-15 13:51:38,717 DEBUG c.j.s.SudokuSolver [main] priority: 5
2025-11-15 13:51:38,717 DEBUG c.j.s.SudokuSolver [main] x: 2
2025-11-15 13:51:38,717 DEBUG c.j.s.SudokuSolver [main] y: 8

2025-11-15 13:51:38,717 DEBUG c.j.s.SudokuSolver [main] priority: 5
2025-11-15 13:51:38,717 DEBUG c.j.s.SudokuSolver [main] x: 4
2025-11-15 13:51:38,717 DEBUG c.j.s.SudokuSolver [main] y: 1

2025-11-15 13:51:38,717 DEBUG c.j.s.SudokuSolver [main] priority: 5
2025-11-15 13:51:38,717 DEBUG c.j.s.SudokuSolver [main] x: 4
2025-11-15 13:51:38,717 DEBUG c.j.s.SudokuSolver [main] y: 7

2025-11-15 13:51:38,717 DEBUG c.j.s.SudokuSolver [main] priority: 5
2025-11-15 13:51:38,717 DEBUG c.j.s.SudokuSolver [main] x: 5
2025-11-15 13:51:38,717 DEBUG c.j.s.SudokuSolver [main] y: 1

2025-11-15 13:51:38,717 DEBUG c.j.s.SudokuSolver [main] priority: 5
2025-11-15 13:51:38,717 DEBUG c.j.s.SudokuSolver [main] x: 5
2025-11-15 13:51:38,717 DEBUG c.j.s.SudokuSolver [main] y: 7

2025-11-15 13:51:38,717 DEBUG c.j.s.SudokuSolver [main] priority: 5
2025-11-15 13:51:38,717 DEBUG c.j.s.SudokuSolver [main] x: 7
2025-11-15 13:51:38,717 DEBUG c.j.s.SudokuSolver [main] y: 1

2025-11-15 13:51:38,717 DEBUG c.j.s.SudokuSolver [main] priority: 5
2025-11-15 13:51:38,717 DEBUG c.j.s.SudokuSolver [main] x: 7
2025-11-15 13:51:38,717 DEBUG c.j.s.SudokuSolver [main] y: 7

2025-11-15 13:51:38,717 DEBUG c.j.s.SudokuSolver [main] priority: 5
2025-11-15 13:51:38,717 DEBUG c.j.s.SudokuSolver [main] x: 8
2025-11-15 13:51:38,717 DEBUG c.j.s.SudokuSolver [main] y: 1

2025-11-15 13:51:38,717 DEBUG c.j.s.SudokuSolver [main] priority: 5
2025-11-15 13:51:38,717 DEBUG c.j.s.SudokuSolver [main] x: 8
2025-11-15 13:51:38,717 DEBUG c.j.s.SudokuSolver [main] y: 7

2025-11-15 13:51:38,717 DEBUG c.j.s.SudokuSolver [main] priority: 3
2025-11-15 13:51:38,717 DEBUG c.j.s.SudokuSolver [main] x: 4
2025-11-15 13:51:38,717 DEBUG c.j.s.SudokuSolver [main] y: 0

2025-11-15 13:51:38,718 DEBUG c.j.s.SudokuSolver [main] priority: 3
2025-11-15 13:51:38,718 DEBUG c.j.s.SudokuSolver [main] x: 4
2025-11-15 13:51:38,718 DEBUG c.j.s.SudokuSolver [main] y: 2

2025-11-15 13:51:38,718 DEBUG c.j.s.SudokuSolver [main] priority: 3
2025-11-15 13:51:38,718 DEBUG c.j.s.SudokuSolver [main] x: 4
2025-11-15 13:51:38,718 DEBUG c.j.s.SudokuSolver [main] y: 3

2025-11-15 13:51:38,718 DEBUG c.j.s.SudokuSolver [main] priority: 3
2025-11-15 13:51:38,718 DEBUG c.j.s.SudokuSolver [main] x: 4
2025-11-15 13:51:38,718 DEBUG c.j.s.SudokuSolver [main] y: 4

2025-11-15 13:51:38,718 DEBUG c.j.s.SudokuSolver [main] priority: 3
2025-11-15 13:51:38,718 DEBUG c.j.s.SudokuSolver [main] x: 4
2025-11-15 13:51:38,718 DEBUG c.j.s.SudokuSolver [main] y: 5

2025-11-15 13:51:38,718 DEBUG c.j.s.SudokuSolver [main] priority: 3
2025-11-15 13:51:38,718 DEBUG c.j.s.SudokuSolver [main] x: 4
2025-11-15 13:51:38,718 DEBUG c.j.s.SudokuSolver [main] y: 6

2025-11-15 13:51:38,718 DEBUG c.j.s.SudokuSolver [main] priority: 3
2025-11-15 13:51:38,718 DEBUG c.j.s.SudokuSolver [main] x: 4
2025-11-15 13:51:38,718 DEBUG c.j.s.SudokuSolver [main] y: 8

2025-11-15 13:51:38,718 DEBUG c.j.s.SudokuSolver [main] priority: 3
2025-11-15 13:51:38,718 DEBUG c.j.s.SudokuSolver [main] x: 5
2025-11-15 13:51:38,718 DEBUG c.j.s.SudokuSolver [main] y: 0

2025-11-15 13:51:38,718 DEBUG c.j.s.SudokuSolver [main] priority: 3
2025-11-15 13:51:38,718 DEBUG c.j.s.SudokuSolver [main] x: 5
2025-11-15 13:51:38,718 DEBUG c.j.s.SudokuSolver [main] y: 2

2025-11-15 13:51:38,718 DEBUG c.j.s.SudokuSolver [main] priority: 3
2025-11-15 13:51:38,718 DEBUG c.j.s.SudokuSolver [main] x: 5
2025-11-15 13:51:38,718 DEBUG c.j.s.SudokuSolver [main] y: 3

2025-11-15 13:51:38,718 DEBUG c.j.s.SudokuSolver [main] priority: 3
2025-11-15 13:51:38,718 DEBUG c.j.s.SudokuSolver [main] x: 5
2025-11-15 13:51:38,718 DEBUG c.j.s.SudokuSolver [main] y: 4

2025-11-15 13:51:38,718 DEBUG c.j.s.SudokuSolver [main] priority: 3
2025-11-15 13:51:38,718 DEBUG c.j.s.SudokuSolver [main] x: 5
2025-11-15 13:51:38,718 DEBUG c.j.s.SudokuSolver [main] y: 5

2025-11-15 13:51:38,718 DEBUG c.j.s.SudokuSolver [main] priority: 3
2025-11-15 13:51:38,718 DEBUG c.j.s.SudokuSolver [main] x: 5
2025-11-15 13:51:38,718 DEBUG c.j.s.SudokuSolver [main] y: 6

2025-11-15 13:51:38,719 DEBUG c.j.s.SudokuSolver [main] priority: 3
2025-11-15 13:51:38,719 DEBUG c.j.s.SudokuSolver [main] x: 5
2025-11-15 13:51:38,719 DEBUG c.j.s.SudokuSolver [main] y: 8

2025-11-15 13:51:38,719 DEBUG c.j.s.SudokuSolver [main] priority: 3
2025-11-15 13:51:38,719 DEBUG c.j.s.SudokuSolver [main] x: 7
2025-11-15 13:51:38,719 DEBUG c.j.s.SudokuSolver [main] y: 0

2025-11-15 13:51:38,719 DEBUG c.j.s.SudokuSolver [main] priority: 3
2025-11-15 13:51:38,719 DEBUG c.j.s.SudokuSolver [main] x: 7
2025-11-15 13:51:38,719 DEBUG c.j.s.SudokuSolver [main] y: 2

2025-11-15 13:51:38,719 DEBUG c.j.s.SudokuSolver [main] priority: 3
2025-11-15 13:51:38,719 DEBUG c.j.s.SudokuSolver [main] x: 7
2025-11-15 13:51:38,719 DEBUG c.j.s.SudokuSolver [main] y: 3

2025-11-15 13:51:38,719 DEBUG c.j.s.SudokuSolver [main] priority: 3
2025-11-15 13:51:38,719 DEBUG c.j.s.SudokuSolver [main] x: 7
2025-11-15 13:51:38,719 DEBUG c.j.s.SudokuSolver [main] y: 4

2025-11-15 13:51:38,719 DEBUG c.j.s.SudokuSolver [main] priority: 3
2025-11-15 13:51:38,719 DEBUG c.j.s.SudokuSolver [main] x: 7
2025-11-15 13:51:38,719 DEBUG c.j.s.SudokuSolver [main] y: 5

2025-11-15 13:51:38,719 DEBUG c.j.s.SudokuSolver [main] priority: 3
2025-11-15 13:51:38,719 DEBUG c.j.s.SudokuSolver [main] x: 7
2025-11-15 13:51:38,719 DEBUG c.j.s.SudokuSolver [main] y: 6

2025-11-15 13:51:38,719 DEBUG c.j.s.SudokuSolver [main] priority: 3
2025-11-15 13:51:38,719 DEBUG c.j.s.SudokuSolver [main] x: 7
2025-11-15 13:51:38,720 DEBUG c.j.s.SudokuSolver [main] y: 8

2025-11-15 13:51:38,720 DEBUG c.j.s.SudokuSolver [main] priority: 3
2025-11-15 13:51:38,720 DEBUG c.j.s.SudokuSolver [main] x: 8
2025-11-15 13:51:38,720 DEBUG c.j.s.SudokuSolver [main] y: 0

2025-11-15 13:51:38,720 DEBUG c.j.s.SudokuSolver [main] priority: 3
2025-11-15 13:51:38,720 DEBUG c.j.s.SudokuSolver [main] x: 8
2025-11-15 13:51:38,720 DEBUG c.j.s.SudokuSolver [main] y: 2

2025-11-15 13:51:38,720 DEBUG c.j.s.SudokuSolver [main] priority: 3
2025-11-15 13:51:38,720 DEBUG c.j.s.SudokuSolver [main] x: 8
2025-11-15 13:51:38,720 DEBUG c.j.s.SudokuSolver [main] y: 3

2025-11-15 13:51:38,720 DEBUG c.j.s.SudokuSolver [main] priority: 3
2025-11-15 13:51:38,720 DEBUG c.j.s.SudokuSolver [main] x: 8
2025-11-15 13:51:38,720 DEBUG c.j.s.SudokuSolver [main] y: 4

2025-11-15 13:51:38,720 DEBUG c.j.s.SudokuSolver [main] priority: 3
2025-11-15 13:51:38,720 DEBUG c.j.s.SudokuSolver [main] x: 8
2025-11-15 13:51:38,720 DEBUG c.j.s.SudokuSolver [main] y: 5

2025-11-15 13:51:38,720 DEBUG c.j.s.SudokuSolver [main] priority: 3
2025-11-15 13:51:38,720 DEBUG c.j.s.SudokuSolver [main] x: 8
2025-11-15 13:51:38,720 DEBUG c.j.s.SudokuSolver [main] y: 6

2025-11-15 13:51:38,720 DEBUG c.j.s.SudokuSolver [main] priority: 3
2025-11-15 13:51:38,720 DEBUG c.j.s.SudokuSolver [main] x: 8
2025-11-15 13:51:38,721 DEBUG c.j.s.SudokuSolver [main] y: 8

2025-11-15 13:51:38,723 DEBUG c.j.s.SudokuSolver [main] Display list of cells to solve sorted by priority value

2025-11-15 13:51:38,723 DEBUG c.j.s.SudokuSolver [main] priority: 5
2025-11-15 13:51:38,723 DEBUG c.j.s.SudokuSolver [main] x: 1
2025-11-15 13:51:38,723 DEBUG c.j.s.SudokuSolver [main] y: 0

2025-11-15 13:51:38,724 DEBUG c.j.s.SudokuSolver [main] priority: 5
2025-11-15 13:51:38,724 DEBUG c.j.s.SudokuSolver [main] x: 1
2025-11-15 13:51:38,724 DEBUG c.j.s.SudokuSolver [main] y: 2

2025-11-15 13:51:38,724 DEBUG c.j.s.SudokuSolver [main] priority: 5
2025-11-15 13:51:38,724 DEBUG c.j.s.SudokuSolver [main] x: 1
2025-11-15 13:51:38,724 DEBUG c.j.s.SudokuSolver [main] y: 3

2025-11-15 13:51:38,724 DEBUG c.j.s.SudokuSolver [main] priority: 5
2025-11-15 13:51:38,724 DEBUG c.j.s.SudokuSolver [main] x: 1
2025-11-15 13:51:38,724 DEBUG c.j.s.SudokuSolver [main] y: 4

2025-11-15 13:51:38,724 DEBUG c.j.s.SudokuSolver [main] priority: 5
2025-11-15 13:51:38,724 DEBUG c.j.s.SudokuSolver [main] x: 1
2025-11-15 13:51:38,724 DEBUG c.j.s.SudokuSolver [main] y: 5

2025-11-15 13:51:38,724 DEBUG c.j.s.SudokuSolver [main] priority: 5
2025-11-15 13:51:38,724 DEBUG c.j.s.SudokuSolver [main] x: 1
2025-11-15 13:51:38,724 DEBUG c.j.s.SudokuSolver [main] y: 6

2025-11-15 13:51:38,724 DEBUG c.j.s.SudokuSolver [main] priority: 5
2025-11-15 13:51:38,724 DEBUG c.j.s.SudokuSolver [main] x: 1
2025-11-15 13:51:38,724 DEBUG c.j.s.SudokuSolver [main] y: 8

2025-11-15 13:51:38,724 DEBUG c.j.s.SudokuSolver [main] priority: 5
2025-11-15 13:51:38,724 DEBUG c.j.s.SudokuSolver [main] x: 2
2025-11-15 13:51:38,724 DEBUG c.j.s.SudokuSolver [main] y: 0

2025-11-15 13:51:38,724 DEBUG c.j.s.SudokuSolver [main] priority: 5
2025-11-15 13:51:38,724 DEBUG c.j.s.SudokuSolver [main] x: 2
2025-11-15 13:51:38,724 DEBUG c.j.s.SudokuSolver [main] y: 2

2025-11-15 13:51:38,724 DEBUG c.j.s.SudokuSolver [main] priority: 5
2025-11-15 13:51:38,724 DEBUG c.j.s.SudokuSolver [main] x: 2
2025-11-15 13:51:38,724 DEBUG c.j.s.SudokuSolver [main] y: 3

2025-11-15 13:51:38,724 DEBUG c.j.s.SudokuSolver [main] priority: 5
2025-11-15 13:51:38,724 DEBUG c.j.s.SudokuSolver [main] x: 2
2025-11-15 13:51:38,724 DEBUG c.j.s.SudokuSolver [main] y: 4

2025-11-15 13:51:38,724 DEBUG c.j.s.SudokuSolver [main] priority: 5
2025-11-15 13:51:38,724 DEBUG c.j.s.SudokuSolver [main] x: 2
2025-11-15 13:51:38,724 DEBUG c.j.s.SudokuSolver [main] y: 5

2025-11-15 13:51:38,725 DEBUG c.j.s.SudokuSolver [main] priority: 5
2025-11-15 13:51:38,725 DEBUG c.j.s.SudokuSolver [main] x: 2
2025-11-15 13:51:38,725 DEBUG c.j.s.SudokuSolver [main] y: 6

2025-11-15 13:51:38,725 DEBUG c.j.s.SudokuSolver [main] priority: 5
2025-11-15 13:51:38,725 DEBUG c.j.s.SudokuSolver [main] x: 2
2025-11-15 13:51:38,725 DEBUG c.j.s.SudokuSolver [main] y: 8

2025-11-15 13:51:38,725 DEBUG c.j.s.SudokuSolver [main] priority: 5
2025-11-15 13:51:38,725 DEBUG c.j.s.SudokuSolver [main] x: 4
2025-11-15 13:51:38,725 DEBUG c.j.s.SudokuSolver [main] y: 1

2025-11-15 13:51:38,725 DEBUG c.j.s.SudokuSolver [main] priority: 5
2025-11-15 13:51:38,725 DEBUG c.j.s.SudokuSolver [main] x: 4
2025-11-15 13:51:38,725 DEBUG c.j.s.SudokuSolver [main] y: 7

2025-11-15 13:51:38,725 DEBUG c.j.s.SudokuSolver [main] priority: 5
2025-11-15 13:51:38,725 DEBUG c.j.s.SudokuSolver [main] x: 5
2025-11-15 13:51:38,725 DEBUG c.j.s.SudokuSolver [main] y: 1

2025-11-15 13:51:38,725 DEBUG c.j.s.SudokuSolver [main] priority: 5
2025-11-15 13:51:38,725 DEBUG c.j.s.SudokuSolver [main] x: 5
2025-11-15 13:51:38,725 DEBUG c.j.s.SudokuSolver [main] y: 7

2025-11-15 13:51:38,725 DEBUG c.j.s.SudokuSolver [main] priority: 5
2025-11-15 13:51:38,725 DEBUG c.j.s.SudokuSolver [main] x: 7
2025-11-15 13:51:38,725 DEBUG c.j.s.SudokuSolver [main] y: 1

2025-11-15 13:51:38,725 DEBUG c.j.s.SudokuSolver [main] priority: 5
2025-11-15 13:51:38,725 DEBUG c.j.s.SudokuSolver [main] x: 7
2025-11-15 13:51:38,725 DEBUG c.j.s.SudokuSolver [main] y: 7

2025-11-15 13:51:38,725 DEBUG c.j.s.SudokuSolver [main] priority: 5
2025-11-15 13:51:38,725 DEBUG c.j.s.SudokuSolver [main] x: 8
2025-11-15 13:51:38,725 DEBUG c.j.s.SudokuSolver [main] y: 1

2025-11-15 13:51:38,725 DEBUG c.j.s.SudokuSolver [main] priority: 5
2025-11-15 13:51:38,725 DEBUG c.j.s.SudokuSolver [main] x: 8
2025-11-15 13:51:38,725 DEBUG c.j.s.SudokuSolver [main] y: 7

2025-11-15 13:51:38,725 DEBUG c.j.s.SudokuSolver [main] priority: 3
2025-11-15 13:51:38,725 DEBUG c.j.s.SudokuSolver [main] x: 4
2025-11-15 13:51:38,725 DEBUG c.j.s.SudokuSolver [main] y: 0

2025-11-15 13:51:38,725 DEBUG c.j.s.SudokuSolver [main] priority: 3
2025-11-15 13:51:38,726 DEBUG c.j.s.SudokuSolver [main] x: 4
2025-11-15 13:51:38,726 DEBUG c.j.s.SudokuSolver [main] y: 2

2025-11-15 13:51:38,726 DEBUG c.j.s.SudokuSolver [main] priority: 3
2025-11-15 13:51:38,726 DEBUG c.j.s.SudokuSolver [main] x: 4
2025-11-15 13:51:38,726 DEBUG c.j.s.SudokuSolver [main] y: 3

2025-11-15 13:51:38,726 DEBUG c.j.s.SudokuSolver [main] priority: 3
2025-11-15 13:51:38,726 DEBUG c.j.s.SudokuSolver [main] x: 4
2025-11-15 13:51:38,726 DEBUG c.j.s.SudokuSolver [main] y: 4

2025-11-15 13:51:38,726 DEBUG c.j.s.SudokuSolver [main] priority: 3
2025-11-15 13:51:38,726 DEBUG c.j.s.SudokuSolver [main] x: 4
2025-11-15 13:51:38,726 DEBUG c.j.s.SudokuSolver [main] y: 5

2025-11-15 13:51:38,726 DEBUG c.j.s.SudokuSolver [main] priority: 3
2025-11-15 13:51:38,726 DEBUG c.j.s.SudokuSolver [main] x: 4
2025-11-15 13:51:38,726 DEBUG c.j.s.SudokuSolver [main] y: 6

2025-11-15 13:51:38,726 DEBUG c.j.s.SudokuSolver [main] priority: 3
2025-11-15 13:51:38,726 DEBUG c.j.s.SudokuSolver [main] x: 4
2025-11-15 13:51:38,726 DEBUG c.j.s.SudokuSolver [main] y: 8

2025-11-15 13:51:38,726 DEBUG c.j.s.SudokuSolver [main] priority: 3
2025-11-15 13:51:38,726 DEBUG c.j.s.SudokuSolver [main] x: 5
2025-11-15 13:51:38,726 DEBUG c.j.s.SudokuSolver [main] y: 0

2025-11-15 13:51:38,726 DEBUG c.j.s.SudokuSolver [main] priority: 3
2025-11-15 13:51:38,726 DEBUG c.j.s.SudokuSolver [main] x: 5
2025-11-15 13:51:38,726 DEBUG c.j.s.SudokuSolver [main] y: 2

2025-11-15 13:51:38,726 DEBUG c.j.s.SudokuSolver [main] priority: 3
2025-11-15 13:51:38,726 DEBUG c.j.s.SudokuSolver [main] x: 5
2025-11-15 13:51:38,726 DEBUG c.j.s.SudokuSolver [main] y: 3

2025-11-15 13:51:38,726 DEBUG c.j.s.SudokuSolver [main] priority: 3
2025-11-15 13:51:38,726 DEBUG c.j.s.SudokuSolver [main] x: 5
2025-11-15 13:51:38,726 DEBUG c.j.s.SudokuSolver [main] y: 4

2025-11-15 13:51:38,726 DEBUG c.j.s.SudokuSolver [main] priority: 3
2025-11-15 13:51:38,726 DEBUG c.j.s.SudokuSolver [main] x: 5
2025-11-15 13:51:38,726 DEBUG c.j.s.SudokuSolver [main] y: 5

2025-11-15 13:51:38,726 DEBUG c.j.s.SudokuSolver [main] priority: 3
2025-11-15 13:51:38,726 DEBUG c.j.s.SudokuSolver [main] x: 5
2025-11-15 13:51:38,726 DEBUG c.j.s.SudokuSolver [main] y: 6

2025-11-15 13:51:38,726 DEBUG c.j.s.SudokuSolver [main] priority: 3
2025-11-15 13:51:38,726 DEBUG c.j.s.SudokuSolver [main] x: 5
2025-11-15 13:51:38,726 DEBUG c.j.s.SudokuSolver [main] y: 8

2025-11-15 13:51:38,726 DEBUG c.j.s.SudokuSolver [main] priority: 3
2025-11-15 13:51:38,726 DEBUG c.j.s.SudokuSolver [main] x: 7
2025-11-15 13:51:38,726 DEBUG c.j.s.SudokuSolver [main] y: 0

2025-11-15 13:51:38,726 DEBUG c.j.s.SudokuSolver [main] priority: 3
2025-11-15 13:51:38,726 DEBUG c.j.s.SudokuSolver [main] x: 7
2025-11-15 13:51:38,726 DEBUG c.j.s.SudokuSolver [main] y: 2

2025-11-15 13:51:38,726 DEBUG c.j.s.SudokuSolver [main] priority: 3
2025-11-15 13:51:38,726 DEBUG c.j.s.SudokuSolver [main] x: 7
2025-11-15 13:51:38,726 DEBUG c.j.s.SudokuSolver [main] y: 3

2025-11-15 13:51:38,727 DEBUG c.j.s.SudokuSolver [main] priority: 3
2025-11-15 13:51:38,727 DEBUG c.j.s.SudokuSolver [main] x: 7
2025-11-15 13:51:38,727 DEBUG c.j.s.SudokuSolver [main] y: 4

2025-11-15 13:51:38,727 DEBUG c.j.s.SudokuSolver [main] priority: 3
2025-11-15 13:51:38,727 DEBUG c.j.s.SudokuSolver [main] x: 7
2025-11-15 13:51:38,727 DEBUG c.j.s.SudokuSolver [main] y: 5

2025-11-15 13:51:38,727 DEBUG c.j.s.SudokuSolver [main] priority: 3
2025-11-15 13:51:38,727 DEBUG c.j.s.SudokuSolver [main] x: 7
2025-11-15 13:51:38,727 DEBUG c.j.s.SudokuSolver [main] y: 6

2025-11-15 13:51:38,727 DEBUG c.j.s.SudokuSolver [main] priority: 3
2025-11-15 13:51:38,727 DEBUG c.j.s.SudokuSolver [main] x: 7
2025-11-15 13:51:38,727 DEBUG c.j.s.SudokuSolver [main] y: 8

2025-11-15 13:51:38,727 DEBUG c.j.s.SudokuSolver [main] priority: 3
2025-11-15 13:51:38,727 DEBUG c.j.s.SudokuSolver [main] x: 8
2025-11-15 13:51:38,727 DEBUG c.j.s.SudokuSolver [main] y: 0

2025-11-15 13:51:38,727 DEBUG c.j.s.SudokuSolver [main] priority: 3
2025-11-15 13:51:38,727 DEBUG c.j.s.SudokuSolver [main] x: 8
2025-11-15 13:51:38,727 DEBUG c.j.s.SudokuSolver [main] y: 2

2025-11-15 13:51:38,727 DEBUG c.j.s.SudokuSolver [main] priority: 3
2025-11-15 13:51:38,727 DEBUG c.j.s.SudokuSolver [main] x: 8
2025-11-15 13:51:38,727 DEBUG c.j.s.SudokuSolver [main] y: 3

2025-11-15 13:51:38,727 DEBUG c.j.s.SudokuSolver [main] priority: 3
2025-11-15 13:51:38,727 DEBUG c.j.s.SudokuSolver [main] x: 8
2025-11-15 13:51:38,727 DEBUG c.j.s.SudokuSolver [main] y: 4

2025-11-15 13:51:38,727 DEBUG c.j.s.SudokuSolver [main] priority: 3
2025-11-15 13:51:38,727 DEBUG c.j.s.SudokuSolver [main] x: 8
2025-11-15 13:51:38,727 DEBUG c.j.s.SudokuSolver [main] y: 5

2025-11-15 13:51:38,727 DEBUG c.j.s.SudokuSolver [main] priority: 3
2025-11-15 13:51:38,727 DEBUG c.j.s.SudokuSolver [main] x: 8
2025-11-15 13:51:38,727 DEBUG c.j.s.SudokuSolver [main] y: 6

2025-11-15 13:51:38,727 DEBUG c.j.s.SudokuSolver [main] priority: 3
2025-11-15 13:51:38,727 DEBUG c.j.s.SudokuSolver [main] x: 8
2025-11-15 13:51:38,727 DEBUG c.j.s.SudokuSolver [main] y: 8

2025-11-15 13:53:49,065 INFO o.s.b.StartupInfoLogger [main] Starting SudokuSolverApplication using Java 25.0.1 with PID 20522 (/home/jbme/repos/sudoku_solver/target/classes started by jbme in /home/jbme/repos/sudoku_solver)
2025-11-15 13:53:49,067 DEBUG o.s.b.StartupInfoLogger [main] Running with Spring Boot v3.5.7, Spring v6.2.12
2025-11-15 13:53:49,069 INFO o.s.b.SpringApplication [main] No active profile set, falling back to 1 default profile: "default"
2025-11-15 13:53:49,363 INFO o.s.b.w.e.t.TomcatWebServer [main] Tomcat initialized with port 8080 (http)
2025-11-15 13:53:49,368 INFO o.a.j.l.DirectJDKLog [main] Initializing ProtocolHandler ["http-nio-8080"]
2025-11-15 13:53:49,369 INFO o.a.j.l.DirectJDKLog [main] Starting service [Tomcat]
2025-11-15 13:53:49,369 INFO o.a.j.l.DirectJDKLog [main] Starting Servlet engine: [Apache Tomcat/10.1.48]
2025-11-15 13:53:49,386 INFO o.a.j.l.DirectJDKLog [main] Initializing Spring embedded WebApplicationContext
2025-11-15 13:53:49,386 INFO o.s.b.w.s.c.ServletWebServerApplicationContext [main] Root WebApplicationContext: initialization completed in 297 ms
2025-11-15 13:53:49,515 INFO o.a.j.l.DirectJDKLog [main] Starting ProtocolHandler ["http-nio-8080"]
2025-11-15 13:53:49,519 WARN o.s.c.s.AbstractApplicationContext [main] Exception encountered during context initialization - cancelling refresh attempt: org.springframework.context.ApplicationContextException: Failed to start bean 'webServerStartStop'
2025-11-15 13:53:49,525 INFO o.s.b.a.l.ConditionEvaluationReportLogger [main] 

Error starting ApplicationContext. To display the condition evaluation report re-run your application with 'debug' enabled.
2025-11-15 13:53:49,531 ERROR o.s.b.d.LoggingFailureAnalysisReporter [main] 

***************************
APPLICATION FAILED TO START
***************************

Description:

Web server failed to start. Port 8080 was already in use.

Action:

Identify and stop the process that's listening on port 8080 or configure this application to listen on another port.

2025-11-15 13:54:06,637 INFO o.s.b.StartupInfoLogger [main] Starting SudokuSolverApplicationTests using Java 25.0.1 with PID 21026 (started by jbme in /home/jbme/repos/sudoku_solver)
2025-11-15 13:54:06,638 INFO o.s.b.SpringApplication [main] No active profile set, falling back to 1 default profile: "default"
2025-11-15 13:54:06,996 INFO o.s.b.StartupInfoLogger [main] Started SudokuSolverApplicationTests in 0.507 seconds (process running for 0.851)
2025-11-15 13:54:09,985 INFO o.s.b.StartupInfoLogger [main] Starting SudokuSolverApplication using Java 25.0.1 with PID 21155 (/home/jbme/repos/sudoku_solver/target/classes started by jbme in /home/jbme/repos/sudoku_solver)
2025-11-15 13:54:09,989 DEBUG o.s.b.StartupInfoLogger [main] Running with Spring Boot v3.5.7, Spring v6.2.12
2025-11-15 13:54:09,989 INFO o.s.b.SpringApplication [main] No active profile set, falling back to 1 default profile: "default"
2025-11-15 13:54:10,317 INFO o.s.b.w.e.t.TomcatWebServer [main] Tomcat initialized with port 8080 (http)
2025-11-15 13:54:10,322 INFO o.a.j.l.DirectJDKLog [main] Initializing ProtocolHandler ["http-nio-8080"]
2025-11-15 13:54:10,323 INFO o.a.j.l.DirectJDKLog [main] Starting service [Tomcat]
2025-11-15 13:54:10,324 INFO o.a.j.l.DirectJDKLog [main] Starting Servlet engine: [Apache Tomcat/10.1.48]
2025-11-15 13:54:10,341 INFO o.a.j.l.DirectJDKLog [main] Initializing Spring embedded WebApplicationContext
2025-11-15 13:54:10,341 INFO o.s.b.w.s.c.ServletWebServerApplicationContext [main] Root WebApplicationContext: initialization completed in 332 ms
2025-11-15 13:54:10,464 INFO o.a.j.l.DirectJDKLog [main] Starting ProtocolHandler ["http-nio-8080"]
2025-11-15 13:54:10,468 WARN o.s.c.s.AbstractApplicationContext [main] Exception encountered during context initialization - cancelling refresh attempt: org.springframework.context.ApplicationContextException: Failed to start bean 'webServerStartStop'
2025-11-15 13:54:10,478 INFO o.s.b.a.l.ConditionEvaluationReportLogger [main] 

Error starting ApplicationContext. To display the condition evaluation report re-run your application with 'debug' enabled.
2025-11-15 13:54:10,484 ERROR o.s.b.d.LoggingFailureAnalysisReporter [main] 

***************************
APPLICATION FAILED TO START
***************************

Description:

Web server failed to start. Port 8080 was already in use.

Action:

Identify and stop the process that's listening on port 8080 or configure this application to listen on another port.

2025-11-15 13:55:10,016 INFO o.s.b.StartupInfoLogger [main] Starting SudokuSolverApplication using Java 25.0.1 with PID 21317 (/home/jbme/repos/sudoku_solver/target/classes started by jbme in /home/jbme/repos/sudoku_solver)
2025-11-15 13:55:10,018 INFO o.s.b.SpringApplication [main] No active profile set, falling back to 1 default profile: "default"
2025-11-15 13:55:10,335 INFO o.s.b.w.e.t.TomcatWebServer [main] Tomcat initialized with port 8080 (http)
2025-11-15 13:55:10,340 INFO o.a.j.l.DirectJDKLog [main] Initializing ProtocolHandler ["http-nio-8080"]
2025-11-15 13:55:10,342 INFO o.a.j.l.DirectJDKLog [main] Starting service [Tomcat]
2025-11-15 13:55:10,342 INFO o.a.j.l.DirectJDKLog [main] Starting Servlet engine: [Apache Tomcat/10.1.48]
2025-11-15 13:55:10,359 INFO o.a.j.l.DirectJDKLog [main] Initializing Spring embedded WebApplicationContext
2025-11-15 13:55:10,359 INFO o.s.b.w.s.c.ServletWebServerApplicationContext [main] Root WebApplicationContext: initialization completed in 319 ms
2025-11-15 13:55:10,484 INFO o.a.j.l.DirectJDKLog [main] Starting ProtocolHandler ["http-nio-8080"]
2025-11-15 13:55:10,487 WARN o.s.c.s.AbstractApplicationContext [main] Exception encountered during context initialization - cancelling refresh attempt: org.springframework.context.ApplicationContextException: Failed to start bean 'webServerStartStop'
2025-11-15 13:55:10,493 INFO o.s.b.a.l.ConditionEvaluationReportLogger [main] 

Error starting ApplicationContext. To display the condition evaluation report re-run your application with 'debug' enabled.
2025-11-15 13:55:10,499 ERROR o.s.b.d.LoggingFailureAnalysisReporter [main] 

***************************
APPLICATION FAILED TO START
***************************

Description:

Web server failed to start. Port 8080 was already in use.

Action:

Identify and stop the process that's listening on port 8080 or configure this application to listen on another port.

2025-11-15 13:57:03,939 INFO o.s.b.StartupInfoLogger [main] Starting SudokuSolverApplicationTests using Java 25.0.1 with PID 21877 (started by jbme in /home/jbme/repos/sudoku_solver)
2025-11-15 13:57:03,940 INFO o.s.b.SpringApplication [main] No active profile set, falling back to 1 default profile: "default"
2025-11-15 13:57:04,290 INFO o.s.b.StartupInfoLogger [main] Started SudokuSolverApplicationTests in 0.492 seconds (process running for 0.824)
2025-11-15 13:57:09,379 INFO o.s.b.StartupInfoLogger [main] Starting SudokuSolverApplication using Java 25.0.1 with PID 22026 (/home/jbme/repos/sudoku_solver/target/classes started by jbme in /home/jbme/repos/sudoku_solver)
2025-11-15 13:57:09,381 DEBUG o.s.b.StartupInfoLogger [main] Running with Spring Boot v3.5.7, Spring v6.2.12
2025-11-15 13:57:09,384 INFO o.s.b.SpringApplication [main] No active profile set, falling back to 1 default profile: "default"
2025-11-15 13:57:09,701 INFO o.s.b.w.e.t.TomcatWebServer [main] Tomcat initialized with port 8080 (http)
2025-11-15 13:57:09,706 INFO o.a.j.l.DirectJDKLog [main] Initializing ProtocolHandler ["http-nio-8080"]
2025-11-15 13:57:09,707 INFO o.a.j.l.DirectJDKLog [main] Starting service [Tomcat]
2025-11-15 13:57:09,707 INFO o.a.j.l.DirectJDKLog [main] Starting Servlet engine: [Apache Tomcat/10.1.48]
2025-11-15 13:57:09,728 INFO o.a.j.l.DirectJDKLog [main] Initializing Spring embedded WebApplicationContext
2025-11-15 13:57:09,729 INFO o.s.b.w.s.c.ServletWebServerApplicationContext [main] Root WebApplicationContext: initialization completed in 326 ms
2025-11-15 13:57:09,867 INFO o.a.j.l.DirectJDKLog [main] Starting ProtocolHandler ["http-nio-8080"]
2025-11-15 13:57:09,870 WARN o.s.c.s.AbstractApplicationContext [main] Exception encountered during context initialization - cancelling refresh attempt: org.springframework.context.ApplicationContextException: Failed to start bean 'webServerStartStop'
2025-11-15 13:57:09,876 INFO o.s.b.a.l.ConditionEvaluationReportLogger [main] 

Error starting ApplicationContext. To display the condition evaluation report re-run your application with 'debug' enabled.
2025-11-15 13:57:09,883 ERROR o.s.b.d.LoggingFailureAnalysisReporter [main] 

***************************
APPLICATION FAILED TO START
***************************

Description:

Web server failed to start. Port 8080 was already in use.

Action:

Identify and stop the process that's listening on port 8080 or configure this application to listen on another port.

2025-11-15 13:58:19,212 INFO o.s.b.w.e.t.GracefulShutdown [SpringApplicationShutdownHook] Commencing graceful shutdown. Waiting for active requests to complete
2025-11-15 13:58:19,215 INFO o.s.b.w.e.t.GracefulShutdown [tomcat-shutdown] Graceful shutdown complete
2025-11-15 13:58:23,545 INFO o.s.b.StartupInfoLogger [main] Starting SudokuSolverApplication using Java 25.0.1 with PID 22196 (/home/jbme/repos/sudoku_solver/target/classes started by jbme in /home/jbme/repos/sudoku_solver)
2025-11-15 13:58:23,549 DEBUG o.s.b.StartupInfoLogger [main] Running with Spring Boot v3.5.7, Spring v6.2.12
2025-11-15 13:58:23,549 INFO o.s.b.SpringApplication [main] No active profile set, falling back to 1 default profile: "default"
2025-11-15 13:58:23,864 INFO o.s.b.w.e.t.TomcatWebServer [main] Tomcat initialized with port 8080 (http)
2025-11-15 13:58:23,869 INFO o.a.j.l.DirectJDKLog [main] Initializing ProtocolHandler ["http-nio-8080"]
2025-11-15 13:58:23,870 INFO o.a.j.l.DirectJDKLog [main] Starting service [Tomcat]
2025-11-15 13:58:23,870 INFO o.a.j.l.DirectJDKLog [main] Starting Servlet engine: [Apache Tomcat/10.1.48]
2025-11-15 13:58:23,887 INFO o.a.j.l.DirectJDKLog [main] Initializing Spring embedded WebApplicationContext
2025-11-15 13:58:23,887 INFO o.s.b.w.s.c.ServletWebServerApplicationContext [main] Root WebApplicationContext: initialization completed in 319 ms
2025-11-15 13:58:24,015 INFO o.a.j.l.DirectJDKLog [main] Starting ProtocolHandler ["http-nio-8080"]
2025-11-15 13:58:24,021 INFO o.s.b.w.e.t.TomcatWebServer [main] Tomcat started on port 8080 (http) with context path '/'
2025-11-15 13:58:24,025 INFO o.s.b.StartupInfoLogger [main] Started SudokuSolverApplication in 0.722 seconds (process running for 0.848)
2025-11-15 13:58:24,027 INFO c.j.s.SudokuSolverApplication [main] ===== SUDOKU SOLVER STARTED =====
2025-11-15 13:58:24,027 INFO c.j.s.SudokuSolverApplication [main] Loading sudoku from: ./testGrid/Grid1.txt
2025-11-15 13:58:24,027 DEBUG c.j.s.SudokuSolverApplication [main] ===== Debug Mod =====
2025-11-15 13:58:50,729 INFO o.s.b.w.e.t.GracefulShutdown [SpringApplicationShutdownHook] Commencing graceful shutdown. Waiting for active requests to complete
2025-11-15 13:58:50,732 INFO o.s.b.w.e.t.GracefulShutdown [tomcat-shutdown] Graceful shutdown complete
2025-11-15 13:58:53,562 INFO o.s.b.StartupInfoLogger [main] Starting SudokuSolverApplication using Java 25.0.1 with PID 22326 (/home/jbme/repos/sudoku_solver/target/classes started by jbme in /home/jbme/repos/sudoku_solver)
2025-11-15 13:58:53,568 DEBUG o.s.b.StartupInfoLogger [main] Running with Spring Boot v3.5.7, Spring v6.2.12
2025-11-15 13:58:53,568 INFO o.s.b.SpringApplication [main] No active profile set, falling back to 1 default profile: "default"
2025-11-15 13:58:53,903 INFO o.s.b.w.e.t.TomcatWebServer [main] Tomcat initialized with port 8080 (http)
2025-11-15 13:58:53,908 INFO o.a.j.l.DirectJDKLog [main] Initializing ProtocolHandler ["http-nio-8080"]
2025-11-15 13:58:53,909 INFO o.a.j.l.DirectJDKLog [main] Starting service [Tomcat]
2025-11-15 13:58:53,909 INFO o.a.j.l.DirectJDKLog [main] Starting Servlet engine: [Apache Tomcat/10.1.48]
2025-11-15 13:58:53,927 INFO o.a.j.l.DirectJDKLog [main] Initializing Spring embedded WebApplicationContext
2025-11-15 13:58:53,927 INFO o.s.b.w.s.c.ServletWebServerApplicationContext [main] Root WebApplicationContext: initialization completed in 332 ms
2025-11-15 13:58:54,054 INFO o.a.j.l.DirectJDKLog [main] Starting ProtocolHandler ["http-nio-8080"]
2025-11-15 13:58:54,060 INFO o.s.b.w.e.t.TomcatWebServer [main] Tomcat started on port 8080 (http) with context path '/'
2025-11-15 13:58:54,064 INFO o.s.b.StartupInfoLogger [main] Started SudokuSolverApplication in 0.75 seconds (process running for 0.864)
2025-11-15 13:58:54,065 INFO c.j.s.SudokuSolverApplication [main] ===== SUDOKU SOLVER STARTED =====
2025-11-15 13:58:54,065 INFO c.j.s.SudokuSolverApplication [main] Loading sudoku from: ./testGrid/Grid1.txt
2025-11-15 13:58:54,065 DEBUG c.j.s.SudokuSolverApplication [main] ===== Debug Mod =====
2025-11-15 13:59:01,521 INFO o.s.b.w.e.t.GracefulShutdown [SpringApplicationShutdownHook] Commencing graceful shutdown. Waiting for active requests to complete
2025-11-15 13:59:01,524 INFO o.s.b.w.e.t.GracefulShutdown [tomcat-shutdown] Graceful shutdown complete
2025-11-15 14:12:07,803 INFO o.s.b.StartupInfoLogger [main] Starting SudokuSolverApplicationTests using Java 25.0.1 with PID 23742 (started by jbme in /home/jbme/repos/sudoku_solver)
2025-11-15 14:12:07,804 INFO o.s.b.SpringApplication [main] No active profile set, falling back to 1 default profile: "default"
2025-11-15 14:12:08,155 INFO o.s.b.StartupInfoLogger [main] Started SudokuSolverApplicationTests in 0.497 seconds (process running for 0.844)
